<?xml version="1.0" encoding="UTF-8"?>
<!-- Generated by org.testng.reporters.JUnitReportReporter -->
<testsuite hostname="ShamalaAcharya" failures="0" tests="5" name="test.Tests" time="5.921" errors="0" timestamp="11 May 2023 04:15:10 GMT" skipped="0">
  <testcase classname="test.Tests" name="setPayLoad" time="0.254"/>
  <testcase classname="test.Tests" name="testCreateUser" time="4.304"/>
  <testcase classname="test.Tests" name="testGetUser" time="0.363"/>
  <testcase classname="test.Tests" name="testUpdateUser" time="0.597"/>
  <testcase classname="test.Tests" name="testDeleteUser" time="0.403"/>
</testsuite> <!-- test.Tests -->
