<?xml version="1.0" encoding="UTF-8"?>
<!-- Generated by org.testng.reporters.JUnitReportReporter -->
<testsuite hostname="ShamalaAcharya" failures="0" tests="5" name="api.test.Tests" time="8.634" errors="0" timestamp="10 May 2023 17:50:27 GMT" skipped="0">
  <testcase classname="api.test.Tests" name="setPayLoad" time="0.427"/>
  <testcase classname="api.test.Tests" name="testCreateUser" time="6.268"/>
  <testcase classname="api.test.Tests" name="testGetUser" time="0.570"/>
  <testcase classname="api.test.Tests" name="testUpdateUser" time="0.870"/>
  <testcase classname="api.test.Tests" name="testDeleteUser" time="0.499"/>
</testsuite> <!-- api.test.Tests -->
