<?xml version="1.0" encoding="UTF-8"?>
<!-- Generated by org.testng.reporters.JUnitReportReporter -->
<testsuite skipped="0" hostname="ShamalaAcharya" name="test.Tests" tests="5" failures="0" timestamp="13 May 2023 06:26:50 GMT" time="10.095" errors="0">
  <testcase name="setPayLoad" time="0.198" classname="test.Tests"/>
  <testcase name="testCreateUser" time="4.389" classname="test.Tests"/>
  <testcase name="testGetUser" time="1.728" classname="test.Tests"/>
  <testcase name="testUpdateUser" time="1.554" classname="test.Tests"/>
  <testcase name="testDeleteUser" time="2.226" classname="test.Tests"/>
</testsuite> <!-- test.Tests -->
